start: S
accept: Y
reject: N
blank: _
S 0 -> SetStringEdgeLeft 0 <
S 1 -> SetStringEdgeLeft 1 <
SetStringEdgeLeft _ -> SetStringEdgeRight @ >
SetStringEdgeRight 0 -> SetStringEdgeRight 0 >
SetStringEdgeRight 1 -> SetStringEdgeRight 1 >
SetStringEdgeRight + -> SetStringEdgeRight + >
SetStringEdgeRight _ -> SetFirstTarget @ >
SetFirstTarget _ -> SetFirstTarget A <
SetFirstTarget @ -> GetNext @ <
GetNext _ -> GetNext _ <
GetNext 0 -> GrabbedZeroFromRight _ <
GetNext 1 -> GrabbedOneFromRight _ <
GetNext + -> LastZeroOnRight + <
GrabbedZeroFromRightLast 0 -> GrabbedZeroFromRightLast 0 <
GrabbedZeroFromRightLast 1 -> GrabbedZeroFromRightLast 1 <
GrabbedZeroFromRight 0 -> GrabbedZeroFromRight 0 <
GrabbedZeroFromRight 1 -> GrabbedZeroFromRight 1 <
GrabbedZeroFromRight + -> ZeroOnRight + <
GrabbedOneFromRight 0 -> GrabbedOneFromRight 0 <
GrabbedOneFromRight 1 -> GrabbedOneFromRight 1 <
GrabbedOneFromRight + -> OneOnRight + <
ZeroOnRight _ -> ZeroOnRight _ <
ZeroOnRight 0 -> ResultZero _ >
ZeroOnRight 1 -> ResultOne _ >
ZeroOnRight @ -> ResultZero @ >
OneOnRight _ -> OneOnRight _ <
OneOnRight 0 -> ResultOne _ >
OneOnRight 1 -> ResultTwo _ >
OneOnRight @ -> ResultOne @ >
LastZeroOnRight _ -> LastZeroOnRight _ <
LastZeroOnRight 0 -> ResultZero _ >
LastZeroOnRight 1 -> ResultOne _ >
LastZeroOnRight @ -> LastLastZero @ ^
ResultZero _ -> ResultZero _ >
ResultZero 0 -> ResultZero 0 >
ResultZero 1 -> ResultZero 1 >
ResultZero + -> ResultZero + >
ResultZero @ -> ResultZero @ >
ResultOne _ -> ResultOne _ >
ResultOne 0 -> ResultOne 0 >
ResultOne 1 -> ResultOne 1 >
ResultOne + -> ResultOne + >
ResultOne @ -> ResultOne @ >
ResultTwo _ -> ResultTwo _ >
ResultTwo 0 -> ResultTwo 0 >
ResultTwo 1 -> ResultTwo 1 >
ResultTwo + -> ResultTwo + >
ResultTwo @ -> ResultTwo @ >
ResultZero A -> AddAndPut 0 >
ResultZero B -> AddAndPut 1 >
ResultOne A -> AddAndPut 1 >
ResultOne B -> AddTwo 0 >
ResultTwo A -> AddTwo 0 >
ResultTwo B -> AddTwo 1 >
AddAndPut _ -> ReturnForNext A <
AddTwo _ -> ReturnForNext B <
ReturnForNext _ -> ReturnForNext _ <
ReturnForNext 0 -> ReturnForNext 0 <
ReturnForNext 1 -> ReturnForNext 1 <
ReturnForNext @ -> GetNext @ <
LastLastZero @ -> Clear @ ^
Clear @ -> Clear _ >
Clear + -> Clear _ >
Clear _ -> Clear _ >
Clear 0 -> Convert 0 >
Clear 1 -> Convert 1 >
Clear A -> Convert A ^
Clear B -> Convert B ^
Convert A -> Convert 0 >
Convert B -> Convert 1 >
Convert 0 -> Convert 0 >
Convert 1 -> Convert 1 >
Convert _ -> BackForReverse _ <
BackForReverse 0 -> BackForReverse 0 <
BackForReverse 1 -> BackForReverse 1 <
BackForReverse _ -> StartReverse _ >
StartReverse 0 -> GoingRightForNextSymbol 0 >
StartReverse 1 -> GoingRightForNextSymbol 1 >
GoingRightForNextSymbol 1 -> GoingRightForNextSymbol 1 >
GoingRightForNextSymbol 0 -> GoingRightForNextSymbol 0 >
GoingRightForNextSymbol _ -> GrabNewSymbolForMirror _ <
GrabNewSymbolForMirror 0 -> GrabbedZeroForMirror _ >
GrabNewSymbolForMirror 1 -> GrabbedOneForMirror _ >
GrabbedZeroForMirror 0 -> GrabbedZeroForMirror 0 >
GrabbedZeroForMirror 1 -> GrabbedZeroForMirror 1 >
GrabbedOneForMirror 0 -> GrabbedOneForMirror 0 >
GrabbedOneForMirror 1 -> GrabbedOneForMirror 1 >
GrabbedZeroForMirror _ -> SkippingWhileGrabbedZeroForMirror _ >
GrabbedOneForMirror _ -> SkippingWhileGrabbedOneForMirror _ >
SkippingWhileGrabbedZeroForMirror _ -> ReturnZeroForMirror 0 <
SkippingWhileGrabbedOneForMirror _ -> ReturnOneForMirror 1 <
SkippingWhileGrabbedZeroForMirror 0 -> ContinueGrabbedZeroForMirror 0 >
SkippingWhileGrabbedZeroForMirror 1 -> ContinueGrabbedZeroForMirror 1 >
SkippingWhileGrabbedOneForMirror 0 -> ContinueGrabbedOneForMirror 0 >
SkippingWhileGrabbedOneForMirror 1 -> ContinueGrabbedOneForMirror 1 >
ContinueGrabbedZeroForMirror 0 -> ContinueGrabbedZeroForMirror 0 >
ContinueGrabbedZeroForMirror 1 -> ContinueGrabbedZeroForMirror 1 >
ContinueGrabbedOneForMirror 0 -> ContinueGrabbedOneForMirror 0 >
ContinueGrabbedOneForMirror 1 -> ContinueGrabbedOneForMirror 1 >
ContinueGrabbedZeroForMirror _ -> ReturnZeroForMirror 0 <
ContinueGrabbedOneForMirror _ -> ReturnOneForMirror 1 <
ReturnZeroForMirror 0 -> ReturnZeroForMirror 0 <
ReturnZeroForMirror 1 -> ReturnZeroForMirror 1 <
ReturnOneForMirror 0 -> ReturnOneForMirror 0 <
ReturnOneForMirror 1 -> ReturnOneForMirror 1 <
ReturnZeroForMirror _ -> RealReturnZeroForMirror _ <
ReturnOneForMirror _ -> RealReturnOneForMirror _ <
RealReturnZeroForMirror 0 -> RealReturnZeroForMirror 0 <
RealReturnZeroForMirror 1 -> RealReturnZeroForMirror 1 <
RealReturnOneForMirror 0 -> RealReturnOneForMirror 0 <
RealReturnOneForMirror 1 -> RealReturnOneForMirror 1 <
RealReturnZeroForMirror _ -> NextSymbol 0 <
RealReturnOneForMirror _ -> NextSymbol 1 <
NextSymbol _ -> RemoveAllToBlank _ >
RemoveAllToBlank 0 -> RemoveAllToBlank _ >
RemoveAllToBlank 1 -> RemoveAllToBlank _ >
RemoveAllToBlank _ -> FinishingWithRemovingZeroes _ >
NextSymbol 0 -> GrabNewSymbolForMirror 0 ^
NextSymbol 1 -> GrabNewSymbolForMirror 1 ^
FinishingWithRemovingZeroes 1 -> Y 1 ^
FinishingWithRemovingZeroes 0 -> CheckIfThisZeroIsLast 0 >
CheckIfThisZeroIsLast 1 -> RemoveOneZero 1 <
CheckIfThisZeroIsLast _ -> Y _ <
CheckIfThisZeroIsLast 0 -> RemoveOneZero 0 <
RemoveOneZero 0 -> FinishingWithRemovingZeroes _ >
