start: S
accept: Y
reject: N
blank: b

S 0 -> SetEdgeOnLeft 0 <
S 1 -> SetEdgeOnLeft 1 <
S 2 -> SetEdgeOnLeft 2 <
SetEdgeOnLeft b -> SetEdgeOnRight @ >
SetEdgeOnRight 0 -> SetEdgeOnRight 0 >
SetEdgeOnRight 1 -> SetEdgeOnRight 1 >
SetEdgeOnRight 2 -> SetEdgeOnRight 2 >
SetEdgeOnRight b -> SetFirstZero @ >
SetFirstZero b -> ReturnBackToStart1 0 <
ReturnBackToStart1 @ -> GetNext @ <
Back 1 -> Back 1 >
Back 0 -> Back 0 >
Back 2 -> Back 2 >
Back @ -> GetChecked @ <
GetChecked 0 -> AddOne 2 >
GetNext 0 -> CheckForZero 0 <
CheckForZero 0 -> CheckForZero 0 <
CheckForZero 1 -> Back 1 >
CheckForZero 2 -> Back 2 >
CheckForZero @ -> ClearAndReverse b >
ClearAndReverse 0 -> ClearAndReverse b >
ClearAndReverse 1 -> ClearAndReverse b >
ClearAndReverse 2 -> ClearAndReverse b >
AddOne @ -> AddOne @ >
AddOne 0 -> SubOne 1 <
AddOne 1 -> CarryAndSubOne 0 >
CarryAndSubOne 0 -> SubOne 1 <
CarryAndSubOne 1 -> CarryAndSubOne 0 >
CarryAndSubOne b -> SubOne 1 <
SubOne 0 -> SubOne 0 <
SubOne 1 -> SubOne 1 <
SubOne @ -> SubOneOnNumberSkipFirst @ <
SubOneOnNumberSkipFirst 0 -> SubOneOnNumber 0 <
SubOneOnNumberSkipFirst 1 -> SubOneOnNumber 1 <
SubOneOnNumberSkipFirst 2 -> SubOneOnNumber 2 <
SubOneOnNumber 0 -> SubOneOnNumber 2 <
SubOneOnNumber 1 -> BackToFirst 0 >
SubOneOnNumber 2 -> BackToFirst 1 >
BackToFirst 0 -> BackToFirst 0 >
BackToFirst 1 -> BackToFirst 1 >
BackToFirst 2 -> BackToFirst 2 >
BackToFirst @ -> GetNext @ <
GetNext 2 -> AddTwo 0 >
AddTwo @ -> AddToFirstNumber @ >
AddToFirstNumber 0 -> AddToSecondNumber 0 >
AddToFirstNumber 1 -> AddToSecondNumber 1 >
AddToSecondNumber b -> BackToNumberFromRight 1 <
AddToSecondNumber 0 -> BackToNumberFromRight 1 <
AddToSecondNumber 1 -> CarryToSecondNumber 0 >
CarryToSecondNumber 0 -> BackToNumberFromRight 1 <
CarryToSecondNumber 1 -> CarryToSecondNumber 0 >
CarryToSecondNumber b -> BackToNumberFromRight 1 <
BackToNumberFromRight 0 -> BackToNumberFromRight 0 <
BackToNumberFromRight 1 -> BackToNumberFromRight 1 <
BackToNumberFromRight @ -> GetNext @ <
ClearAndReverse @ -> StartReverse b >
StartReverse 0 -> GoingRightForNextSymbol 0 >
StartReverse 1 -> GoingRightForNextSymbol 1 >
GoingRightForNextSymbol 1 -> GoingRightForNextSymbol 1 >
GoingRightForNextSymbol 0 -> GoingRightForNextSymbol 0 >
GoingRightForNextSymbol b -> GrabNewSymbolForMirror b <
GrabNewSymbolForMirror 0 -> GrabbedZeroForMirror b >
GrabNewSymbolForMirror 1 -> GrabbedOneForMirror b >
GrabbedZeroForMirror 0 -> GrabbedZeroForMirror 0 >
GrabbedZeroForMirror 1 -> GrabbedZeroForMirror 1 >
GrabbedOneForMirror 0 -> GrabbedOneForMirror 0 >
GrabbedOneForMirror 1 -> GrabbedOneForMirror 1 >
GrabbedZeroForMirror b -> SkippingWhileGrabbedZeroForMirror b >
GrabbedOneForMirror b -> SkippingWhileGrabbedOneForMirror b >
SkippingWhileGrabbedZeroForMirror b -> ReturnZeroForMirror 0 <
SkippingWhileGrabbedOneForMirror b -> ReturnOneForMirror 1 <
SkippingWhileGrabbedZeroForMirror 0 -> ContinueGrabbedZeroForMirror 0 >
SkippingWhileGrabbedZeroForMirror 1 -> ContinueGrabbedZeroForMirror 1 >
SkippingWhileGrabbedOneForMirror 0 -> ContinueGrabbedOneForMirror 0 >
SkippingWhileGrabbedOneForMirror 1 -> ContinueGrabbedOneForMirror 1 >
ContinueGrabbedZeroForMirror 0 -> ContinueGrabbedZeroForMirror 0 >
ContinueGrabbedZeroForMirror 1 -> ContinueGrabbedZeroForMirror 1 >
ContinueGrabbedOneForMirror 0 -> ContinueGrabbedOneForMirror 0 >
ContinueGrabbedOneForMirror 1 -> ContinueGrabbedOneForMirror 1 >
ContinueGrabbedZeroForMirror b -> ReturnZeroForMirror 0 <
ContinueGrabbedOneForMirror b -> ReturnOneForMirror 1 <
ReturnZeroForMirror 0 -> ReturnZeroForMirror 0 <
ReturnZeroForMirror 1 -> ReturnZeroForMirror 1 <
ReturnOneForMirror 0 -> ReturnOneForMirror 0 <
ReturnOneForMirror 1 -> ReturnOneForMirror 1 <
ReturnZeroForMirror b -> RealReturnZeroForMirror b <
ReturnOneForMirror b -> RealReturnOneForMirror b <
RealReturnZeroForMirror 0 -> RealReturnZeroForMirror 0 <
RealReturnZeroForMirror 1 -> RealReturnZeroForMirror 1 <
RealReturnOneForMirror 0 -> RealReturnOneForMirror 0 <
RealReturnOneForMirror 1 -> RealReturnOneForMirror 1 <
RealReturnZeroForMirror b -> NextSymbol 0 <
RealReturnOneForMirror b -> NextSymbol 1 <
NextSymbol b -> RemoveAllToBlank b >
RemoveAllToBlank 0 -> RemoveAllToBlank b >
RemoveAllToBlank 1 -> RemoveAllToBlank b >
RemoveAllToBlank b -> Y b >
NextSymbol 0 -> GrabNewSymbolForMirror 0 ^
NextSymbol 1 -> GrabNewSymbolForMirror 1 ^
GetNext 1 -> AddOneOnly 0 >
AddOneOnly @ -> AddOneOnly @ >
AddOneOnly 0 -> RemoveOne 1 <
RemoveOne 0 -> RemoveOne 0 <
RemoveOne 1 -> RemoveOne 1 <
RemoveOne @ -> GetNext @ <
AddOneOnly 1 -> CarryOnlyOne 0 >
CarryOnlyOne 0 -> RemoveOne 1 <
CarryOnlyOne 1 -> CarryOnlyOne 0 >
CarryOnlyOne b -> RemoveOne 1 <
